# JRE version: Java(TM) SE Runtime Environment (8.0_191-b12) (build 1.8.0_191-b12)
# Java VM: Java HotSpot(TM) 64-Bit Server VM (25.191-b12 mixed mode windows-amd64 compressed oops)
Heap:
 PSYoungGen      total 1034752K, used 639575K [0x000000076ab00000, 0x00000007b2c00000, 0x00000007c0000000)
  eden space 1029120K, 61% used [0x000000076ab00000,0x00000007916657e8,0x00000007a9800000)
  from space 5632K, 94% used [0x00000007afd80000,0x00000007b02b05a0,0x00000007b0300000)
  to   space 23552K, 0% used [0x00000007b1500000,0x00000007b1500000,0x00000007b2c00000)
 ParOldGen       total 551936K, used 127623K [0x00000006c0000000, 0x00000006e1b00000, 0x000000076ab00000)
  object space 551936K, 23% used [0x00000006c0000000,0x00000006c7ca1c30,0x00000006e1b00000)
 Metaspace       used 72551K, capacity 77650K, committed 77912K, reserved 1114112K
  class space    used 12542K, capacity 13882K, committed 13952K, reserved 1048576K
GC Heap History (10 events):
Event: 128.620 GC heap before
{Heap before GC invocations=36 (full 3):
 PSYoungGen      total 951808K, used 951521K [0x000000076ab00000, 0x00000007b6400000, 0x00000007c0000000)
  eden space 945152K, 100% used [0x000000076ab00000,0x00000007a4600000,0x00000007a4600000)
  from space 6656K, 95% used [0x00000007b5d80000,0x00000007b63b86e8,0x00000007b6400000)
  to   space 26624K, 0% used [0x00000007b3000000,0x00000007b3000000,0x00000007b4a00000)
 ParOldGen       total 551936K, used 126838K [0x00000006c0000000, 0x00000006e1b00000, 0x000000076ab00000)
  object space 551936K, 22% used [0x00000006c0000000,0x00000006c7bddbf8,0x00000006e1b00000)
 Metaspace       used 72435K, capacity 77582K, committed 77912K, reserved 1114112K
  class space    used 12540K, capacity 13882K, committed 13952K, reserved 1048576K
Event: 128.623 GC heap after
Heap after GC invocations=36 (full 3):
 PSYoungGen      total 915968K, used 1814K [0x000000076ab00000, 0x00000007b5e00000, 0x00000007c0000000)
  eden space 913920K, 0% used [0x000000076ab00000,0x000000076ab00000,0x00000007a2780000)
  from space 2048K, 88% used [0x00000007b3000000,0x00000007b31c59a0,0x00000007b3200000)
  to   space 26624K, 0% used [0x00000007b4400000,0x00000007b4400000,0x00000007b5e00000)
 ParOldGen       total 551936K, used 126838K [0x00000006c0000000, 0x00000006e1b00000, 0x000000076ab00000)
  object space 551936K, 22% used [0x00000006c0000000,0x00000006c7bddbf8,0x00000006e1b00000)
 Metaspace       used 72435K, capacity 77582K, committed 77912K, reserved 1114112K
  class space    used 12540K, capacity 13882K, committed 13952K, reserved 1048576K
}
Event: 129.015 GC heap before
{Heap before GC invocations=37 (full 3):
 PSYoungGen      total 915968K, used 915734K [0x000000076ab00000, 0x00000007b5e00000, 0x00000007c0000000)
  eden space 913920K, 100% used [0x000000076ab00000,0x00000007a2780000,0x00000007a2780000)
  from space 2048K, 88% used [0x00000007b3000000,0x00000007b31c59a0,0x00000007b3200000)
  to   space 26624K, 0% used [0x00000007b4400000,0x00000007b4400000,0x00000007b5e00000)
 ParOldGen       total 551936K, used 126838K [0x00000006c0000000, 0x00000006e1b00000, 0x000000076ab00000)
  object space 551936K, 22% used [0x00000006c0000000,0x00000006c7bddbf8,0x00000006e1b00000)
 Metaspace       used 72461K, capacity 77582K, committed 77912K, reserved 1114112K
  class space    used 12541K, capacity 13882K, committed 13952K, reserved 1048576K
Event: 129.021 GC heap after
Heap after GC invocations=37 (full 3):
 PSYoungGen      total 886784K, used 2478K [0x000000076ab00000, 0x00000007b4680000, 0x00000007c0000000)
  eden space 884224K, 0% used [0x000000076ab00000,0x000000076ab00000,0x00000007a0a80000)
  from space 2560K, 96% used [0x00000007b4400000,0x00000007b466b950,0x00000007b4680000)
  to   space 26112K, 0% used [0x00000007b1380000,0x00000007b1380000,0x00000007b2d00000)
 ParOldGen       total 551936K, used 127047K [0x00000006c0000000, 0x00000006e1b00000, 0x000000076ab00000)
  object space 551936K, 23% used [0x00000006c0000000,0x00000006c7c11ce8,0x00000006e1b00000)
 Metaspace       used 72461K, capacity 77582K, committed 77912K, reserved 1114112K
  class space    used 12541K, capacity 13882K, committed 13952K, reserved 1048576K
}
Event: 129.072 GC heap before
{Heap before GC invocations=38 (full 3):
 PSYoungGen      total 886784K, used 886702K [0x000000076ab00000, 0x00000007b4680000, 0x00000007c0000000)
  eden space 884224K, 100% used [0x000000076ab00000,0x00000007a0a80000,0x00000007a0a80000)
  from space 2560K, 96% used [0x00000007b4400000,0x00000007b466b950,0x00000007b4680000)
  to   space 26112K, 0% used [0x00000007b1380000,0x00000007b1380000,0x00000007b2d00000)
 ParOldGen       total 551936K, used 127047K [0x00000006c0000000, 0x00000006e1b00000, 0x000000076ab00000)
  object space 551936K, 23% used [0x00000006c0000000,0x00000006c7c11ce8,0x00000006e1b00000)
 Metaspace       used 72464K, capacity 77582K, committed 77912K, reserved 1114112K
  class space    used 12541K, capacity 13882K, committed 13952K, reserved 1048576K
Event: 129.075 GC heap after
Heap after GC invocations=38 (full 3):
 PSYoungGen      total 940032K, used 1866K [0x000000076ab00000, 0x00000007b4480000, 0x00000007c0000000)
  eden space 937984K, 0% used [0x000000076ab00000,0x000000076ab00000,0x00000007a3f00000)
  from space 2048K, 91% used [0x00000007b1380000,0x00000007b1552980,0x00000007b1580000)
  to   space 25600K, 0% used [0x00000007b2b80000,0x00000007b2b80000,0x00000007b4480000)
 ParOldGen       total 551936K, used 127607K [0x00000006c0000000, 0x00000006e1b00000, 0x000000076ab00000)
  object space 551936K, 23% used [0x00000006c0000000,0x00000006c7c9dc30,0x00000006e1b00000)
 Metaspace       used 72464K, capacity 77582K, committed 77912K, reserved 1114112K
  class space    used 12541K, capacity 13882K, committed 13952K, reserved 1048576K
}
Event: 129.830 GC heap before
{Heap before GC invocations=39 (full 3):
 PSYoungGen      total 940032K, used 939850K [0x000000076ab00000, 0x00000007b4480000, 0x00000007c0000000)
  eden space 937984K, 100% used [0x000000076ab00000,0x00000007a3f00000,0x00000007a3f00000)
  from space 2048K, 91% used [0x00000007b1380000,0x00000007b1552980,0x00000007b1580000)
  to   space 25600K, 0% used [0x00000007b2b80000,0x00000007b2b80000,0x00000007b4480000)
 ParOldGen       total 551936K, used 127607K [0x00000006c0000000, 0x00000006e1b00000, 0x000000076ab00000)
  object space 551936K, 23% used [0x00000006c0000000,0x00000006c7c9dc30,0x00000006e1b00000)
 Metaspace       used 72491K, capacity 77646K, committed 77912K, reserved 1114112K
  class space    used 12541K, capacity 13882K, committed 13952K, reserved 1048576K
Event: 129.834 GC heap after
Heap after GC invocations=39 (full 3):
 PSYoungGen      total 989184K, used 3067K [0x000000076ab00000, 0x00000007b2e80000, 0x00000007c0000000)
  eden space 986112K, 0% used [0x000000076ab00000,0x000000076ab00000,0x00000007a6e00000)
  from space 3072K, 99% used [0x00000007b2b80000,0x00000007b2e7ed68,0x00000007b2e80000)
  to   space 25088K, 0% used [0x00000007afd80000,0x00000007afd80000,0x00000007b1600000)
 ParOldGen       total 551936K, used 127615K [0x00000006c0000000, 0x00000006e1b00000, 0x000000076ab00000)
  object space 551936K, 23% used [0x00000006c0000000,0x00000006c7c9fc30,0x00000006e1b00000)
 Metaspace       used 72491K, capacity 77646K, committed 77912K, reserved 1114112K
  class space    used 12541K, capacity 13882K, committed 13952K, reserved 1048576K
}
Event: 130.876 GC heap before
{Heap before GC invocations=40 (full 3):
 PSYoungGen      total 989184K, used 989179K [0x000000076ab00000, 0x00000007b2e80000, 0x00000007c0000000)
  eden space 986112K, 100% used [0x000000076ab00000,0x00000007a6e00000,0x00000007a6e00000)
  from space 3072K, 99% used [0x00000007b2b80000,0x00000007b2e7ed68,0x00000007b2e80000)
  to   space 25088K, 0% used [0x00000007afd80000,0x00000007afd80000,0x00000007b1600000)
 ParOldGen       total 551936K, used 127615K [0x00000006c0000000, 0x00000006e1b00000, 0x000000076ab00000)
  object space 551936K, 23% used [0x00000006c0000000,0x00000006c7c9fc30,0x00000006e1b00000)
 Metaspace       used 72534K, capacity 77650K, committed 77912K, reserved 1114112K
  class space    used 12541K, capacity 13882K, committed 13952K, reserved 1048576K
Event: 130.880 GC heap after
Heap after GC invocations=40 (full 3):
 PSYoungGen      total 1034752K, used 5313K [0x000000076ab00000, 0x00000007b2c00000, 0x00000007c0000000)
  eden space 1029120K, 0% used [0x000000076ab00000,0x000000076ab00000,0x00000007a9800000)
  from space 5632K, 94% used [0x00000007afd80000,0x00000007b02b05a0,0x00000007b0300000)
  to   space 23552K, 0% used [0x00000007b1500000,0x00000007b1500000,0x00000007b2c00000)
 ParOldGen       total 551936K, used 127623K [0x00000006c0000000, 0x00000006e1b00000, 0x000000076ab00000)
  object space 551936K, 23% used [0x00000006c0000000,0x00000006c7ca1c30,0x00000006e1b00000)
 Metaspace       used 72534K, capacity 77650K, committed 77912K, reserved 1114112K
  class space    used 12541K, capacity 13882K, committed 13952K, reserved 1048576K
}

